<?xml version="1.0" encoding="UTF-8"?>
<testsuite name="com.sp.fc.Test1" tests="1" skipped="0" failures="0" errors="0" timestamp="2021-07-24T12:44:39" hostname="DESKTOP-7L16AK1" time="0.082">
  <properties/>
  <testcase name="1. 테스트" classname="com.sp.fc.Test1" time="0.082"/>
  <system-out><![CDATA[]]></system-out>
  <system-err><![CDATA[]]></system-err>
</testsuite>
